2020-06-06 10:19:50 INFO [index.js]: Connected to mongodb://localhost:27017/bfgolos...
2020-06-06 10:25:22 INFO [index.js]: Connected to mongodb://localhost:27017/bfgolos...
2020-06-06 10:27:03 INFO [index.js]: Connected to mongodb://localhost:27017/bfgolos...
2020-06-06 10:33:57 INFO [index.js]: Connected to mongodb://localhost:27017/bfgolos...
2020-06-06 10:35:40 ERROR [index.js]: req is not defined -> ReferenceError: req is not defined
    at createOptions (C:\ReactPrjs\BenficaGolos\routes\users.js:60:17)
    at C:\ReactPrjs\BenficaGolos\routes\users.js:39:27
    at newFn (C:\ReactPrjs\BenficaGolos\node_modules\express-async-errors\index.js:16:20)
    at Layer.handle [as handle_request] (C:\ReactPrjs\BenficaGolos\node_modules\express\lib\router\layer.js:95:5)
    at next (C:\ReactPrjs\BenficaGolos\node_modules\express\lib\router\route.js:137:13)
    at C:\ReactPrjs\BenficaGolos\middleware\validate.js:5:7
    at newFn (C:\ReactPrjs\BenficaGolos\node_modules\express-async-errors\index.js:16:20)
    at Layer.handle [as handle_request] (C:\ReactPrjs\BenficaGolos\node_modules\express\lib\router\layer.js:95:5)
    at next (C:\ReactPrjs\BenficaGolos\node_modules\express\lib\router\route.js:137:13)
    at module.exports (C:\ReactPrjs\BenficaGolos\middleware\validateObjectId.js:14:5)
    at newFn (C:\ReactPrjs\BenficaGolos\node_modules\express-async-errors\index.js:16:20)
    at Layer.handle [as handle_request] (C:\ReactPrjs\BenficaGolos\node_modules\express\lib\router\layer.js:95:5)
    at next (C:\ReactPrjs\BenficaGolos\node_modules\express\lib\router\route.js:137:13)
    at module.exports (C:\ReactPrjs\BenficaGolos\middleware\auth.js:12:9)
    at newFn (C:\ReactPrjs\BenficaGolos\node_modules\express-async-errors\index.js:16:20)
    at Layer.handle [as handle_request] (C:\ReactPrjs\BenficaGolos\node_modules\express\lib\router\layer.js:95:5)
2020-06-06 10:38:33 INFO [index.js]: Connected to mongodb://localhost:27017/bfgolos...
2020-06-06 10:39:44 INFO [index.js]: Connected to mongodb://localhost:27017/bfgolos...
2020-06-06 13:38:41 INFO [index.js]: Connected to mongodb://localhost:27017/bfgolos...
2020-06-06 13:45:19 ERROR [index.js]: Cannot access 'token' before initialization -> ReferenceError: Cannot access 'token' before initialization
    at C:\ReactPrjs\BenficaGolos\routes\forgot.js:26:19
    at processTicksAndRejections (internal/process/task_queues.js:97:5)
2020-06-06 13:46:28 INFO [index.js]: Connected to mongodb://localhost:27017/bfgolos...
2020-06-06 14:55:11 INFO [index.js]: Connected to mongodb://localhost:27017/bfgolos...
2020-06-06 14:58:57 INFO [index.js]: Connected to mongodb://localhost:27017/bfgolos...
2020-06-06 15:20:29 INFO [index.js]: Connected to mongodb://localhost:27017/bfgolos...
2020-06-06 15:25:05 INFO [index.js]: Connected to mongodb://localhost:27017/bfgolos...
2020-06-06 15:26:00 INFO [index.js]: Connected to mongodb://localhost:27017/bfgolos...
2020-06-06 15:26:14 INFO [index.js]: Connected to mongodb://localhost:27017/bfgolos...
2020-06-06 15:26:24 INFO [index.js]: Connected to mongodb://localhost:27017/bfgolos...
2020-06-06 15:28:55 INFO [index.js]: Connected to mongodb://localhost:27017/bfgolos...
2020-06-06 15:29:07 INFO [index.js]: Connected to mongodb://localhost:27017/bfgolos...
2020-06-06 15:29:20 INFO [index.js]: Connected to mongodb://localhost:27017/bfgolos...
2020-06-06 15:30:29 INFO [index.js]: Connected to mongodb://localhost:27017/bfgolos...
2020-06-06 15:30:47 INFO [index.js]: Connected to mongodb://localhost:27017/bfgolos...
2020-06-06 15:32:03 INFO [index.js]: Connected to mongodb://localhost:27017/bfgolos...
2020-06-06 15:37:54 INFO [index.js]: Connected to mongodb://localhost:27017/bfgolos...
2020-06-06 15:38:04 INFO [index.js]: Connected to mongodb://localhost:27017/bfgolos...
2020-06-06 15:40:28 INFO [index.js]: Connected to mongodb://localhost:27017/bfgolos...
2020-06-06 16:03:47 INFO [index.js]: Connected to mongodb://localhost:27017/bfgolos...
2020-06-06 16:05:32 INFO [index.js]: Connected to mongodb://localhost:27017/bfgolos...
2020-06-06 16:05:53 INFO [index.js]: Connected to mongodb://localhost:27017/bfgolos...
2020-06-06 16:05:55 ERROR [index.js]: Invalid status code: Teste -> RangeError [ERR_HTTP_INVALID_STATUS_CODE]: Invalid status code: Teste
    at ServerResponse.writeHead (_http_server.js:248:11)
    at ServerResponse._implicitHeader (_http_server.js:239:8)
    at write_ (_http_outgoing.js:650:9)
    at ServerResponse.end (_http_outgoing.js:760:5)
    at ServerResponse.send (C:\ReactPrjs\BenficaGolos\node_modules\express\lib\response.js:221:10)
    at ServerResponse.json (C:\ReactPrjs\BenficaGolos\node_modules\express\lib\response.js:267:15)
    at ServerResponse.send (C:\ReactPrjs\BenficaGolos\node_modules\express\lib\response.js:158:21)
    at C:\ReactPrjs\BenficaGolos\routes\forgot.js:37:21
    at processTicksAndRejections (internal/process/task_queues.js:97:5)
2020-06-06 16:06:55 INFO [index.js]: Connected to mongodb://localhost:27017/bfgolos...
2020-06-06 16:07:33 INFO [index.js]: Connected to mongodb://localhost:27017/bfgolos...
2020-06-06 16:13:34 INFO [index.js]: Connected to mongodb://localhost:27017/bfgolos...
2020-06-06 16:18:51 INFO [index.js]: Connected to mongodb://localhost:27017/bfgolos...
2020-06-06 16:19:08 INFO [index.js]: Connected to mongodb://localhost:27017/bfgolos...
2020-06-06 16:20:06 INFO [index.js]: Connected to mongodb://localhost:27017/bfgolos...
2020-06-06 16:37:40 INFO [index.js]: Connected to mongodb://localhost:27017/bfgolos...
2020-06-06 16:38:49 INFO [index.js]: Connected to mongodb://localhost:27017/bfgolos...
2020-06-06 16:41:33 INFO [index.js]: Connected to mongodb://localhost:27017/bfgolos...
2020-06-06 16:41:39 ERROR [index.js]: jwt must be provided -> JsonWebTokenError: jwt must be provided
    at Object.module.exports [as verify] (C:\ReactPrjs\BenficaGolos\node_modules\jsonwebtoken\verify.js:53:17)
    at C:\ReactPrjs\BenficaGolos\routes\forgot.js:44:25
    at newFn (C:\ReactPrjs\BenficaGolos\node_modules\express-async-errors\index.js:16:20)
    at Layer.handle [as handle_request] (C:\ReactPrjs\BenficaGolos\node_modules\express\lib\router\layer.js:95:5)
    at next (C:\ReactPrjs\BenficaGolos\node_modules\express\lib\router\route.js:137:13)
    at Route.dispatch (C:\ReactPrjs\BenficaGolos\node_modules\express\lib\router\route.js:112:3)
    at newFn (C:\ReactPrjs\BenficaGolos\node_modules\express-async-errors\index.js:16:20)
    at Layer.handle [as handle_request] (C:\ReactPrjs\BenficaGolos\node_modules\express\lib\router\layer.js:95:5)
    at C:\ReactPrjs\BenficaGolos\node_modules\express\lib\router\index.js:281:22
    at param (C:\ReactPrjs\BenficaGolos\node_modules\express\lib\router\index.js:354:14)
    at param (C:\ReactPrjs\BenficaGolos\node_modules\express\lib\router\index.js:365:14)
    at Function.process_params (C:\ReactPrjs\BenficaGolos\node_modules\express\lib\router\index.js:410:3)
    at next (C:\ReactPrjs\BenficaGolos\node_modules\express\lib\router\index.js:275:10)
    at Function.handle (C:\ReactPrjs\BenficaGolos\node_modules\express\lib\router\index.js:174:3)
    at router (C:\ReactPrjs\BenficaGolos\node_modules\express\lib\router\index.js:47:12)
    at newFn (C:\ReactPrjs\BenficaGolos\node_modules\express-async-errors\index.js:16:20)
2020-06-06 16:42:32 INFO [index.js]: Connected to mongodb://localhost:27017/bfgolos...
2020-06-06 16:49:52 INFO [index.js]: Connected to mongodb://localhost:27017/bfgolos...
2020-06-06 16:52:04 INFO [index.js]: Connected to mongodb://localhost:27017/bfgolos...
2020-06-06 16:53:05 INFO [index.js]: Connected to mongodb://localhost:27017/bfgolos...
2020-06-06 16:53:19 ERROR [index.js]: console.lo is not a function -> TypeError: console.lo is not a function
    at generateToken (C:\ReactPrjs\BenficaGolos\routes\forgot.js:12:13)
    at C:\ReactPrjs\BenficaGolos\routes\forgot.js:25:19
    at processTicksAndRejections (internal/process/task_queues.js:97:5)
2020-06-06 16:53:41 INFO [index.js]: Connected to mongodb://localhost:27017/bfgolos...
2020-06-06 16:57:50 INFO [index.js]: Connected to mongodb://localhost:27017/bfgolos...
2020-06-06 16:58:47 INFO [index.js]: Connected to mongodb://localhost:27017/bfgolos...
2020-06-06 20:45:45 INFO [index.js]: Connected to mongodb://localhost:27017/bfgolos...
2020-06-06 20:47:19 INFO [index.js]: Connected to mongodb://localhost:27017/bfgolos...
2020-06-06 20:57:58 INFO [index.js]: Connected to mongodb://localhost:27017/bfgolos...
2020-06-06 21:08:09 ERROR [index.js]: bcrypt is not defined -> ReferenceError: bcrypt is not defined
    at C:\ReactPrjs\BenficaGolos\routes\forgot.js:49:18
    at processTicksAndRejections (internal/process/task_queues.js:97:5)
2020-06-06 21:11:26 INFO [index.js]: Connected to mongodb://localhost:27017/bfgolos...
2020-06-06 21:21:13 INFO [index.js]: Connected to mongodb://localhost:27017/bfgolos...
2020-06-06 21:23:44 INFO [index.js]: Connected to mongodb://localhost:27017/bfgolos...
2020-06-06 21:35:52 INFO [index.js]: Connected to mongodb://localhost:27017/bfgolos...
2020-06-06 21:42:16 INFO [index.js]: Connected to mongodb://localhost:27017/bfgolos...
2020-06-06 21:42:35 INFO [index.js]: Connected to mongodb://localhost:27017/bfgolos...
2020-06-06 21:42:53 INFO [index.js]: Connected to mongodb://localhost:27017/bfgolos...
2020-06-06 22:48:39 INFO [index.js]: Connected to mongodb://localhost:27017/bfgolos...
